<?xml version="1.0" encoding="UTF-8"?>
<testng-results ignored="3" total="7" passed="4" failed="0" skipped="0">
  <reporter-output>
  </reporter-output>
  <suite started-at="2022-02-18T15:06:42 IST" name="Suite" finished-at="2022-02-18T15:06:47 IST" duration-ms="5337">
    <groups>
    </groups>
    <test started-at="2022-02-18T15:06:42 IST" name="Test" finished-at="2022-02-18T15:06:47 IST" duration-ms="5337">
      <class name="com.uibank.AccountsDetails">
        <test-method is-config="true" signature="initialSetUp()[pri:0, instance:com.uibank.AccountsDetails@5bd03f44]" started-at="2022-02-18T15:06:42 IST" name="initialSetUp" finished-at="2022-02-18T15:06:42 IST" duration-ms="354" status="PASS">
          <reporter-output>
          </reporter-output>
        </test-method> <!-- initialSetUp -->
        <test-method signature="verifyAccountDetails()[pri:0, instance:com.uibank.AccountsDetails@5bd03f44]" started-at="2022-02-18T15:06:44 IST" name="verifyAccountDetails" finished-at="2022-02-18T15:06:45 IST" depends-on-methods="com.uibank.Login.verifyLogin" duration-ms="1028" status="PASS">
          <reporter-output>
          </reporter-output>
        </test-method> <!-- verifyAccountDetails -->
      </class> <!-- com.uibank.AccountsDetails -->
      <class name="com.uibank.Login">
        <test-method signature="verifyLogin()[pri:0, instance:com.uibank.Login@353d0772]" started-at="2022-02-18T15:06:42 IST" name="verifyLogin" finished-at="2022-02-18T15:06:44 IST" duration-ms="2114" status="PASS">
          <reporter-output>
          </reporter-output>
        </test-method> <!-- verifyLogin -->
      </class> <!-- com.uibank.Login -->
      <class name="com.uibank.ViewProfile">
        <test-method signature="verifyProfile()[pri:0, instance:com.uibank.ViewProfile@67a20f67]" started-at="2022-02-18T15:06:46 IST" name="verifyProfile" finished-at="2022-02-18T15:06:47 IST" depends-on-methods="com.uibank.Login.verifyLogin" duration-ms="897" status="PASS">
          <reporter-output>
          </reporter-output>
        </test-method> <!-- verifyProfile -->
      </class> <!-- com.uibank.ViewProfile -->
      <class name="com.uibank.CreateNewAccount">
        <test-method signature="createNewAccount()[pri:0, instance:com.uibank.CreateNewAccount@2667f029]" started-at="2022-02-18T15:06:45 IST" name="createNewAccount" finished-at="2022-02-18T15:06:46 IST" depends-on-methods="com.uibank.Login.verifyLogin" duration-ms="918" status="PASS">
          <reporter-output>
          </reporter-output>
        </test-method> <!-- createNewAccount -->
      </class> <!-- com.uibank.CreateNewAccount -->
    </test> <!-- Test -->
  </suite> <!-- Suite -->
</testng-results>
