<?xml version="1.0" encoding="UTF-8"?>
<!-- Generated by org.testng.reporters.JUnitXMLReporter -->
<testsuite ignored="3" hostname="AIPL6457LT14034" failures="0" tests="4" name="Test" time="5.337" errors="0" timestamp="2022-02-18T15:06:47 IST">
  <testcase classname="com.uibank.Login" name="verifyLogin" time="2.114"/>
  <testcase classname="com.uibank.AccountsDetails" name="verifyAccountDetails" time="1.028"/>
  <testcase classname="com.uibank.CreateNewAccount" name="createNewAccount" time="0.918"/>
  <testcase classname="com.uibank.ViewProfile" name="verifyProfile" time="0.897"/>
  <testcase classname="com.uibank.Base" name="@BeforeTest initialSetUp" time="0.0">
    <ignored/>
  </testcase> <!-- @BeforeTest initialSetUp -->
  <testcase classname="com.uibank.Base" name="@BeforeTest initialSetUp" time="0.0">
    <ignored/>
  </testcase> <!-- @BeforeTest initialSetUp -->
  <testcase classname="com.uibank.Base" name="@BeforeTest initialSetUp" time="0.0">
    <ignored/>
  </testcase> <!-- @BeforeTest initialSetUp -->
</testsuite> <!-- Test -->
