<?xml version="1.0" encoding="UTF-8"?>
<!-- Generated by org.testng.reporters.JUnitXMLReporter -->
<testsuite ignored="1" hostname="AIPL6457LT14034" failures="0" tests="2" name="Default test" time="3.436" errors="0" timestamp="2022-02-18T15:06:19 IST">
  <testcase classname="com.uibank.Login" name="verifyLogin" time="2.007"/>
  <testcase classname="com.uibank.AccountsDetails" name="verifyAccountDetails" time="1.03"/>
  <testcase classname="com.uibank.Base" name="@BeforeTest initialSetUp" time="0.0">
    <ignored/>
  </testcase> <!-- @BeforeTest initialSetUp -->
</testsuite> <!-- Default test -->
